
Showing logs for build [32mjasonwc-jenkinsx-example-yo-bac-1[0m stage [32mmeta-pipeline[0m and container [32mstep-credential-initializer-2prvw[0m
Unable to retrieve container logs for docker://2be67e3694030d6fd2625f58f71481921cb8ba3b5a86e1fd2fb46aecf931cb55

Showing logs for build [32mjasonwc-jenkinsx-example-yo-bac-1[0m stage [32mmeta-pipeline[0m and container [32mstep-working-dir-initializer-tzgp2[0m
Unable to retrieve container logs for docker://6c9cd6e6d8efb658e82aca37d94a126dcf49de116b8d2a84e2d91db1ddaeb3ec

Showing logs for build [32mjasonwc-jenkinsx-example-yo-bac-1[0m stage [32mmeta-pipeline[0m and container [32mstep-place-tools[0m
Unable to retrieve container logs for docker://d263c75d187e84f63e13ef8af28b938b022b41a64d1d43fbe2197a4587fc3c6e

Showing logs for build [32mjasonwc-jenkinsx-example-yo-bac-1[0m stage [32mmeta-pipeline[0m and container [32mstep-git-source-meta-jasonwc-jenkinsx-example-y-rbtn6[0m
Unable to retrieve container logs for docker://1fe9e8aa4f9586824b99f4f92e3bb63a45ed7f4a34f32275fcbdfb31b8df4db2

Showing logs for build [32mjasonwc-jenkinsx-example-yo-bac-1[0m stage [32mmeta-pipeline[0m and container [32mstep-git-merge[0m
Unable to retrieve container logs for docker://0b8c3a1d206b85774541f425ef3202410d3d9f67698e3e735c6b643bd6476a15

Showing logs for build [32mjasonwc-jenkinsx-example-yo-bac-1[0m stage [32mmeta-pipeline[0m and container [32mstep-merge-pull-refs[0m
Unable to retrieve container logs for docker://9f95518515ce0fd6c4d141e7f661f5e2e0d72faf6e7a38dbe2e5b3f598691c58

Showing logs for build [32mjasonwc-jenkinsx-example-yo-bac-1[0m stage [32mmeta-pipeline[0m and container [32mstep-create-effective-pipeline[0m
Unable to retrieve container logs for docker://2c86fd84ad75ab2d0f9bd5a71779de951f090db7932bf0afbd2c9d2be3400795

Showing logs for build [32mjasonwc-jenkinsx-example-yo-bac-1[0m stage [32mmeta-pipeline[0m and container [32mstep-create-tekton-crds[0m
Unable to retrieve container logs for docker://19fbeea4be2370d5ea4e330881e9afa2c0c77530787662e011949f75494c0908

Showing logs for build [32mjasonwc-jenkinsx-example-yo-bac-1[0m stage [32mfrom-build-pack[0m and container [32mstep-credential-initializer-t696r[0m
{"level":"warn","ts":1567547223.8061237,"logger":"fallback-logger","caller":"logging/config.go:69","msg":"Fetch GitHub commit ID from kodata failed: \"ref: refs/heads/master\" is not a valid GitHub commit ID"}
{"level":"info","ts":1567547223.806752,"logger":"fallback-logger","caller":"creds-init/main.go:40","msg":"Credentials initialized."}

Showing logs for build [32mjasonwc-jenkinsx-example-yo-bac-1[0m stage [32mfrom-build-pack[0m and container [32mstep-working-dir-initializer-r8c2k[0m
{"level":"warn","ts":1567547224.243068,"logger":"fallback-logger","caller":"logging/config.go:69","msg":"Fetch GitHub commit ID from kodata failed: open /var/run/ko/HEAD: no such file or directory"}
{"level":"info","ts":1567547224.2445884,"logger":"fallback-logger","caller":"bash/main.go:65","msg":"Successfully executed command \"mkdir -p /workspace/source /workspace/source/charts/yo-backend\""}

Showing logs for build [32mjasonwc-jenkinsx-example-yo-bac-1[0m stage [32mfrom-build-pack[0m and container [32mstep-place-tools[0m

Showing logs for build [32mjasonwc-jenkinsx-example-yo-bac-1[0m stage [32mfrom-build-pack[0m and container [32mstep-git-source-jasonwc-jenkinsx-example-yo-bac-v6xbn[0m
{"level":"warn","ts":1567547263.3691995,"logger":"fallback-logger","caller":"logging/config.go:69","msg":"Fetch GitHub commit ID from kodata failed: \"ref: refs/heads/master\" is not a valid GitHub commit ID"}
{"level":"info","ts":1567547263.660917,"logger":"fallback-logger","caller":"git/git.go:102","msg":"Successfully cloned https://github.com/jasonwc-jenkinsx-example/yo-backend.git @ v0.0.1 in path /workspace/source"}

Showing logs for build [32mjasonwc-jenkinsx-example-yo-bac-1[0m stage [32mfrom-build-pack[0m and container [32mstep-git-merge[0m
Using SHAs from PULL_REFS=master:5d7bbd38a5570e611829edb0353640e16eb0a6cd
WARNING: no SHAs to merge, falling back to initial cloned commit

Showing logs for build [32mjasonwc-jenkinsx-example-yo-bac-1[0m stage [32mfrom-build-pack[0m and container [32mstep-setup-jx-git-credentials[0m
Generated Git credentials file /workspace/xdg_config/git/credentials

Showing logs for build [32mjasonwc-jenkinsx-example-yo-bac-1[0m stage [32mfrom-build-pack[0m and container [32mstep-build-container-build[0m
[36mINFO[0m[0000] Downloading base image ruby:2.6.3            
[36mINFO[0m[0000] Error while retrieving image from cache: getting file info: stat /workspace/sha256:2afcffd1a8276d58ef7d2c6d440c83290831abc2d80772a7af720db9aca9cd2e: no such file or directory 
[36mINFO[0m[0000] Downloading base image ruby:2.6.3            
[36mINFO[0m[0000] Checking for cached layer 000360016411.dkr.ecr.us-west-2.amazonaws.com/todo/cache:b928723e4297addaca720c94a50b1f3a6d2647437e8b16bf486792f7c8332fd2... 
[36mINFO[0m[0001] No cached layer found for cmd RUN mkdir /app 
[36mINFO[0m[0001] Unpacking rootfs as cmd RUN mkdir /app requires it. 
[36mINFO[0m[0014] Taking snapshot of full filesystem...        
[36mINFO[0m[0020] RUN mkdir /app                               
[36mINFO[0m[0020] cmd: /bin/sh                                 
[36mINFO[0m[0020] args: [-c mkdir /app]                        
[36mINFO[0m[0020] Taking snapshot of full filesystem...        
[36mINFO[0m[0023] WORKDIR /app                                 
[36mINFO[0m[0023] cmd: workdir                                 
[36mINFO[0m[0023] Changed working directory to /app            
[36mINFO[0m[0023] No files changed in this command, skipping snapshotting. 
[36mINFO[0m[0023] Using files from context: [/workspace/source/Gemfile /workspace/source/Gemfile.lock] 
[36mINFO[0m[0023] ADD Gemfile Gemfile.lock /app/               
[36mINFO[0m[0023] Taking snapshot of files...                  
[36mINFO[0m[0023] Pushing layer 000360016411.dkr.ecr.us-west-2.amazonaws.com/todo/cache:b928723e4297addaca720c94a50b1f3a6d2647437e8b16bf486792f7c8332fd2 to cache now 
[36mINFO[0m[0023] RUN bundle install                           
[36mINFO[0m[0023] cmd: /bin/sh                                 
[36mINFO[0m[0023] args: [-c bundle install]                    
Fetching gem metadata from https://rubygems.org/.........
Fetching backports 3.15.0
Installing backports 3.15.0
Using bundler 1.17.2
Fetching multi_json 1.13.1
Installing multi_json 1.13.1
Fetching mustermann 1.0.3
Installing mustermann 1.0.3
Fetching rack 2.0.7
Installing rack 2.0.7
Fetching rack-protection 2.0.5
Installing rack-protection 2.0.5
Fetching tilt 2.0.9
Installing tilt 2.0.9
Fetching sinatra 2.0.5
Installing sinatra 2.0.5
Fetching sinatra-contrib 2.0.5
Installing sinatra-contrib 2.0.5
Fetching sinatra-cross_origin 0.4.0
Installing sinatra-cross_origin 0.4.0
Bundle complete! 3 Gemfile dependencies, 10 gems now installed.
Bundled gems are installed into `/usr/local/bundle`
[36mINFO[0m[0025] Taking snapshot of full filesystem...        
[36mINFO[0m[0030] Using files from context: [/workspace/source] 
[36mINFO[0m[0030] ADD . /app                                   
[36mINFO[0m[0030] Pushing layer 000360016411.dkr.ecr.us-west-2.amazonaws.com/todo/cache:3097df1f5dbb3f05a8fb67677a62bb71cf951b286596b322f386d88d4398c77a to cache now 
[36mINFO[0m[0030] Taking snapshot of files...                  
[36mINFO[0m[0030] CMD ruby web.rb                              
[36mINFO[0m[0030] No files changed in this command, skipping snapshotting. 
[33mWARN[0m[0030] error uploading layer to cache: failed to push to destination 000360016411.dkr.ecr.us-west-2.amazonaws.com/todo/cache:b928723e4297addaca720c94a50b1f3a6d2647437e8b16bf486792f7c8332fd2: NAME_UNKNOWN: The repository with name 'todo/cache' does not exist in the registry with id '000360016411' 
2019/09/03 21:48:18 pushed blob: sha256:852a98d908a2dd63267519015acb6c8064e324ecb2fb1712dfe93e6252d938e4
2019/09/03 21:48:18 pushed blob: sha256:06fc7194194e43f46b6f3865dd0f8952f7cea4ab1a83b80ee7128b9e5e402791
2019/09/03 21:48:18 pushed blob: sha256:1f85508cf3dd7cc0f7c1e1061fe70e7a26cad7db4df7193d753208f1896c738e
2019/09/03 21:48:18 pushed blob: sha256:a74c60ec461bcc65b946269dda69a6137722c0e649692dd9f76452c5c20a9544
2019/09/03 21:48:18 pushed blob: sha256:4ceeca44b38dc9d9eed79b7d4513eb80b32cc03df404fce746dd5c2c113ef3dd
2019/09/03 21:48:18 pushed blob: sha256:a92e24fbeb287a8faa4e44e092e536657202f58d86aefe6ae0d7c76254b1dd40
2019/09/03 21:48:19 pushed blob: sha256:bbab4ec87ac4f89eaabdf68dddbd1dd930e3ad43bded38d761b89abf9389a893
2019/09/03 21:48:20 pushed blob: sha256:2ea1f7804402db2da64e84a26bd591f41667ad69cd7f2a2c6106d9bb04dde260
2019/09/03 21:48:21 pushed blob: sha256:c4b50f43bf2754f8c52c7041fb710495a4525646301672d1ad2c32aab020456b
2019/09/03 21:48:22 pushed blob: sha256:50ae333c7677cfe19000b67c13ba994242d75c0a4173af59696a6b646742fe44
2019/09/03 21:48:24 pushed blob: sha256:4ae16bd4778367b46064f39554128dd2fda2803a5747fddeff74059f353391c9
2019/09/03 21:48:25 pushed blob: sha256:96465440c20877524189ae75d361dd29e5d0df330a8dac9427f972b429fe0159
2019/09/03 21:48:46 pushed blob: sha256:6ac892e64b941f376c41f33aa31e39a69bbc457c5b9e436b5ecf451a6d4c651e
2019/09/03 21:48:46 000360016411.dkr.ecr.us-west-2.amazonaws.com/jasonwc-jenkinsx-example/yo-backend:0.0.1: digest: sha256:6265f43d3c32a46700f1f54c62adb327ee0951319dc3ac06fbe9d205b76a7ce6 size: 2219

Showing logs for build [32mjasonwc-jenkinsx-example-yo-bac-1[0m stage [32mfrom-build-pack[0m and container [32mstep-build-post-build[0m
no CVE provider running in the current ** namespace so skip adding image to be analysed

Showing logs for build [32mjasonwc-jenkinsx-example-yo-bac-1[0m stage [32mfrom-build-pack[0m and container [32mstep-promote-changelog[0m
Converted /workspace/source/charts/yo-backend to an unshallow repository
no previous commit version found so change diff unavailable

Showing logs for build [32mjasonwc-jenkinsx-example-yo-bac-1[0m stage [32mfrom-build-pack[0m and container [32mstep-promote-helm-release[0m
WARNING: No $CHART_REPOSITORY defined so using the default value of: http://jenkins-x-chartmuseum:8080
Adding missing Helm repo: storage.googleapis.com https://storage.googleapis.com/chartmuseum.jenkins-x.io
Successfully added Helm repository storage.googleapis.com.
Adding missing Helm repo: jenkins-x-chartmuseum http://jenkins-x-chartmuseum:8080
Successfully added Helm repository jenkins-x-chartmuseum.
WARNING: No $CHART_REPOSITORY defined so using the default value of: http://jenkins-x-chartmuseum:8080
Uploading chart file yo-backend-0.0.1.tgz to http://jenkins-x-chartmuseum:8080/api/charts
Received 401 response: {"error":"unauthorized"}
error: Failed to post chart to http://jenkins-x-chartmuseum:8080/api/charts due to response 401: {"error":"unauthorized"}
[31m
Pipeline failed on stage 'from-build-pack' : container 'step-promote-helm-release'. The execution of the pipeline has stopped.[0m
