
Showing logs for build [32mmeta-jasonwc-jenkinsx-example-y-d4pcj-10[0m stage [32mmeta-pipeline[0m and container [32mstep-credential-initializer-c4km2[0m
Unable to retrieve container logs for docker://8be0c607fffb2411463439182cbf8e87a898514e4f6fd07580af31aae0502407

Showing logs for build [32mmeta-jasonwc-jenkinsx-example-y-d4pcj-10[0m stage [32mmeta-pipeline[0m and container [32mstep-working-dir-initializer-862zx[0m
Unable to retrieve container logs for docker://997b9aeeb65cfae04a6d55bb84849f136e09d80f570e559b3b55cd0b019ff4e2

Showing logs for build [32mmeta-jasonwc-jenkinsx-example-y-d4pcj-10[0m stage [32mmeta-pipeline[0m and container [32mstep-place-tools[0m
Unable to retrieve container logs for docker://9395d76e6e8771a30af6057b247fb229c2afd9499cc71c8e519eb675d6b9bccd

Showing logs for build [32mmeta-jasonwc-jenkinsx-example-y-d4pcj-10[0m stage [32mmeta-pipeline[0m and container [32mstep-git-source-meta-jasonwc-jenkinsx-example-y-nkdz4[0m
Unable to retrieve container logs for docker://c957280a2d32e8e6bd76de44ca9a606b30ad92810db7c3fe500535e67d002299

Showing logs for build [32mmeta-jasonwc-jenkinsx-example-y-d4pcj-10[0m stage [32mmeta-pipeline[0m and container [32mstep-git-merge[0m
Unable to retrieve container logs for docker://ca42329e8ac10f7f32846da0eeae39a5d293a7073c0fa21f0356da326410ecab

Showing logs for build [32mmeta-jasonwc-jenkinsx-example-y-d4pcj-10[0m stage [32mmeta-pipeline[0m and container [32mstep-merge-pull-refs[0m
Unable to retrieve container logs for docker://f0e3ecddd3b2e98f34577a6d4d7237a7438772a84f46c9d5d73f7fb0ef9da8c3

Showing logs for build [32mmeta-jasonwc-jenkinsx-example-y-d4pcj-10[0m stage [32mmeta-pipeline[0m and container [32mstep-create-effective-pipeline[0m
Unable to retrieve container logs for docker://b03a189b7b4b106fc225f2b161e871dd383dcbc5dab425f722294ca1fb3812d9

Showing logs for build [32mmeta-jasonwc-jenkinsx-example-y-d4pcj-10[0m stage [32mmeta-pipeline[0m and container [32mstep-create-tekton-crds[0m
Unable to retrieve container logs for docker://dfded1b85bc4737e3a933cb8f9731d612f1887a261d5d2d91ed46695f17200df

Showing logs for build [32mmeta-jasonwc-jenkinsx-example-y-d4pcj-10[0m stage [32mfrom-build-pack[0m and container [32mstep-credential-initializer-qcvdg[0m
{"level":"warn","ts":1568231069.565168,"logger":"fallback-logger","caller":"logging/config.go:69","msg":"Fetch GitHub commit ID from kodata failed: \"ref: refs/heads/master\" is not a valid GitHub commit ID"}
{"level":"info","ts":1568231069.565626,"logger":"fallback-logger","caller":"creds-init/main.go:40","msg":"Credentials initialized."}

Showing logs for build [32mmeta-jasonwc-jenkinsx-example-y-d4pcj-10[0m stage [32mfrom-build-pack[0m and container [32mstep-working-dir-initializer-sppvq[0m
{"level":"warn","ts":1568231070.6156394,"logger":"fallback-logger","caller":"logging/config.go:69","msg":"Fetch GitHub commit ID from kodata failed: open /var/run/ko/HEAD: no such file or directory"}
{"level":"info","ts":1568231070.6191967,"logger":"fallback-logger","caller":"bash/main.go:65","msg":"Successfully executed command \"mkdir -p /workspace/source /workspace/source/charts/yo-backend\""}

Showing logs for build [32mmeta-jasonwc-jenkinsx-example-y-d4pcj-10[0m stage [32mfrom-build-pack[0m and container [32mstep-place-tools[0m

Showing logs for build [32mmeta-jasonwc-jenkinsx-example-y-d4pcj-10[0m stage [32mfrom-build-pack[0m and container [32mstep-git-source-jasonwc-jenkinsx-example-yo-bac-f2g68[0m
{"level":"warn","ts":1568231076.701808,"logger":"fallback-logger","caller":"logging/config.go:69","msg":"Fetch GitHub commit ID from kodata failed: \"ref: refs/heads/master\" is not a valid GitHub commit ID"}
{"level":"info","ts":1568231076.8525214,"logger":"fallback-logger","caller":"git/git.go:102","msg":"Successfully cloned https://github.com/jasonwc-jenkinsx-example/yo-backend.git @ v0.0.10 in path /workspace/source"}

Showing logs for build [32mmeta-jasonwc-jenkinsx-example-y-d4pcj-10[0m stage [32mfrom-build-pack[0m and container [32mstep-git-merge[0m
Using SHAs from PULL_REFS=master:9903590b94da6e4556b79f0c9953610454724222
WARNING: no SHAs to merge, falling back to initial cloned commit

Showing logs for build [32mmeta-jasonwc-jenkinsx-example-y-d4pcj-10[0m stage [32mfrom-build-pack[0m and container [32mstep-setup-jx-git-credentials[0m
Generated Git credentials file /workspace/xdg_config/git/credentials

Showing logs for build [32mmeta-jasonwc-jenkinsx-example-y-d4pcj-10[0m stage [32mfrom-build-pack[0m and container [32mstep-build-container-build[0m
[36mINFO[0m[0000] Downloading base image ruby:2.6.3            
[36mINFO[0m[0000] Error while retrieving image from cache: getting file info: stat /workspace/sha256:2afcffd1a8276d58ef7d2c6d440c83290831abc2d80772a7af720db9aca9cd2e: no such file or directory 
[36mINFO[0m[0000] Downloading base image ruby:2.6.3            
[36mINFO[0m[0000] Checking for cached layer 000360016411.dkr.ecr.us-west-2.amazonaws.com/todo/cache:b928723e4297addaca720c94a50b1f3a6d2647437e8b16bf486792f7c8332fd2... 
[36mINFO[0m[0001] No cached layer found for cmd RUN mkdir /app 
[36mINFO[0m[0001] Unpacking rootfs as cmd RUN mkdir /app requires it. 
[36mINFO[0m[0014] Taking snapshot of full filesystem...        
[36mINFO[0m[0020] RUN mkdir /app                               
[36mINFO[0m[0020] cmd: /bin/sh                                 
[36mINFO[0m[0020] args: [-c mkdir /app]                        
[36mINFO[0m[0020] Taking snapshot of full filesystem...        
[36mINFO[0m[0024] WORKDIR /app                                 
[36mINFO[0m[0024] cmd: workdir                                 
[36mINFO[0m[0024] Pushing layer 000360016411.dkr.ecr.us-west-2.amazonaws.com/todo/cache:b928723e4297addaca720c94a50b1f3a6d2647437e8b16bf486792f7c8332fd2 to cache now 
[36mINFO[0m[0024] Changed working directory to /app            
[36mINFO[0m[0024] No files changed in this command, skipping snapshotting. 
[36mINFO[0m[0024] Using files from context: [/workspace/source/Gemfile /workspace/source/Gemfile.lock] 
[36mINFO[0m[0024] ADD Gemfile Gemfile.lock /app/               
[36mINFO[0m[0024] Taking snapshot of files...                  
[36mINFO[0m[0024] RUN bundle install                           
[36mINFO[0m[0024] cmd: /bin/sh                                 
[36mINFO[0m[0024] args: [-c bundle install]                    
Fetching gem metadata from https://rubygems.org/.........
Fetching backports 3.15.0
Installing backports 3.15.0
Using bundler 1.17.2
Fetching multi_json 1.13.1
Installing multi_json 1.13.1
Fetching mustermann 1.0.3
Installing mustermann 1.0.3
Fetching rack 2.0.7
Installing rack 2.0.7
Fetching rack-protection 2.0.5
Installing rack-protection 2.0.5
Fetching tilt 2.0.9
Installing tilt 2.0.9
Fetching sinatra 2.0.5
Installing sinatra 2.0.5
Fetching sinatra-contrib 2.0.5
Installing sinatra-contrib 2.0.5
Fetching sinatra-cross_origin 0.4.0
Installing sinatra-cross_origin 0.4.0
Bundle complete! 3 Gemfile dependencies, 10 gems now installed.
Bundled gems are installed into `/usr/local/bundle`
[36mINFO[0m[0028] Taking snapshot of full filesystem...        
[36mINFO[0m[0032] Pushing layer 000360016411.dkr.ecr.us-west-2.amazonaws.com/todo/cache:3097df1f5dbb3f05a8fb67677a62bb71cf951b286596b322f386d88d4398c77a to cache now 
[36mINFO[0m[0032] Using files from context: [/workspace/source] 
[36mINFO[0m[0032] ADD . /app                                   
[36mINFO[0m[0032] Taking snapshot of files...                  
[36mINFO[0m[0032] CMD ruby web.rb                              
[36mINFO[0m[0032] No files changed in this command, skipping snapshotting. 
[33mWARN[0m[0033] error uploading layer to cache: failed to push to destination 000360016411.dkr.ecr.us-west-2.amazonaws.com/todo/cache:b928723e4297addaca720c94a50b1f3a6d2647437e8b16bf486792f7c8332fd2: NAME_UNKNOWN: The repository with name 'todo/cache' does not exist in the registry with id '000360016411' 
2019/09/11 19:45:10 existing blob: sha256:96465440c20877524189ae75d361dd29e5d0df330a8dac9427f972b429fe0159
2019/09/11 19:45:10 existing blob: sha256:4ae16bd4778367b46064f39554128dd2fda2803a5747fddeff74059f353391c9
2019/09/11 19:45:10 existing blob: sha256:bbab4ec87ac4f89eaabdf68dddbd1dd930e3ad43bded38d761b89abf9389a893
2019/09/11 19:45:10 existing blob: sha256:1f85508cf3dd7cc0f7c1e1061fe70e7a26cad7db4df7193d753208f1896c738e
2019/09/11 19:45:10 existing blob: sha256:2ea1f7804402db2da64e84a26bd591f41667ad69cd7f2a2c6106d9bb04dde260
2019/09/11 19:45:10 existing blob: sha256:6ac892e64b941f376c41f33aa31e39a69bbc457c5b9e436b5ecf451a6d4c651e
2019/09/11 19:45:10 existing blob: sha256:4ceeca44b38dc9d9eed79b7d4513eb80b32cc03df404fce746dd5c2c113ef3dd
2019/09/11 19:45:10 existing blob: sha256:c4b50f43bf2754f8c52c7041fb710495a4525646301672d1ad2c32aab020456b
2019/09/11 19:45:11 pushed blob: sha256:8893bfd3bc4adec1ee858464b6d044bbcb90306adba45f76daa1d68bee5b6253
2019/09/11 19:45:11 pushed blob: sha256:3c666a58617a684d385f1e569356c4223c600f5e8706a57dc00b499e563f3b38
2019/09/11 19:45:11 pushed blob: sha256:bc45dbc94b2cba252d540686cee39aabcdc697f73fd1ebb3cb5175e3b0ca405c
2019/09/11 19:45:11 pushed blob: sha256:65052b3af0d18aa962a7db91b12328bddd1069cddf79bd03e33c45c11573d665
2019/09/11 19:45:14 pushed blob: sha256:862db0e7cf485303fd6646ef3071b4709a43c9dcf788172669c2f712262af3a5
2019/09/11 19:45:15 000360016411.dkr.ecr.us-west-2.amazonaws.com/jasonwc-jenkinsx-example/yo-backend:0.0.10: digest: sha256:f8f21af934b92ddaa4a938748d893f8c9b0c350fec537c8de2ed7b3f0d959f0b size: 2219

Showing logs for build [32mmeta-jasonwc-jenkinsx-example-y-d4pcj-10[0m stage [32mfrom-build-pack[0m and container [32mstep-build-post-build[0m
no CVE provider running in the current ** namespace so skip adding image to be analysed

Showing logs for build [32mmeta-jasonwc-jenkinsx-example-y-d4pcj-10[0m stage [32mfrom-build-pack[0m and container [32mstep-promote-changelog[0m
Converted /workspace/source/charts/yo-backend to an unshallow repository
Generating change log from git ref 26ed9e461eefbf30595369fa7bf47f20de4cb141 => be3bd96724a757f79f991e3dbde3976945b82b35
Associating user jasonwc in users.jenkins.io with email jasonwccodes@gmail.com to git GitProvider user with login -0 as emails match
Adding label jenkins.io/git-github-userid=-0 to user jasonwc in users.jenkins.io
WARNING: Failed to enrich commit d33fc292711e734c0a2946a4f9e34c226d5913ed with issues: User.jenkins.io "jasonwc" is invalid: metadata.labels: Invalid value: "-0": a valid label must be an empty string or consist of alphanumeric characters, '-', '_' or '.', and must start and end with an alphanumeric character (e.g. 'MyValue',  or 'my_value',  or '12345', regex used for validation is '(([A-Za-z0-9][-A-Za-z0-9_.]*)?[A-Za-z0-9])?')
Associating user jasonwc in users.jenkins.io with email jasonwccodes@gmail.com to git GitProvider user with login -0 as emails match
Adding label jenkins.io/git-github-userid=-0 to user jasonwc in users.jenkins.io
WARNING: Failed to enrich commit d33fc292711e734c0a2946a4f9e34c226d5913ed with issues: User.jenkins.io "jasonwc" is invalid: metadata.labels: Invalid value: "-0": a valid label must be an empty string or consist of alphanumeric characters, '-', '_' or '.', and must start and end with an alphanumeric character (e.g. 'MyValue',  or 'my_value',  or '12345', regex used for validation is '(([A-Za-z0-9][-A-Za-z0-9_.]*)?[A-Za-z0-9])?')
Finding issues in commit messages using git format
WARNING: No release found for jasonwc-jenkinsx-example/yo-backend and tag v0.0.10 so creating a new release
Updated the release information at https://github.com/jasonwc-jenkinsx-example/yo-backend/releases/tag/v0.0.10
generated: /workspace/source/charts/yo-backend/templates/release.yaml
Created Release yo-backend-0-0-10 resource in namespace **
Updating PipelineActivity jasonwc-jenkinsx-example-yo-backend-master-10 with version 0.0.10
Updated PipelineActivities jasonwc-jenkinsx-example-yo-backend-master-10 with release notes URL: https://github.com/jasonwc-jenkinsx-example/yo-backend/releases/tag/v0.0.10

Showing logs for build [32mmeta-jasonwc-jenkinsx-example-y-d4pcj-10[0m stage [32mfrom-build-pack[0m and container [32mstep-promote-helm-release[0m
WARNING: No $CHART_REPOSITORY defined so using the default value of: http://jenkins-x-chartmuseum:8080
Adding missing Helm repo: storage.googleapis.com https://storage.googleapis.com/chartmuseum.jenkins-x.io
Successfully added Helm repository storage.googleapis.com.
Adding missing Helm repo: jenkins-x-chartmuseum http://jenkins-x-chartmuseum:8080
Successfully added Helm repository jenkins-x-chartmuseum.
WARNING: No $CHART_REPOSITORY defined so using the default value of: http://jenkins-x-chartmuseum:8080
Uploading chart file yo-backend-0.0.10.tgz to http://jenkins-x-chartmuseum:8080/api/charts
Received 201 response: {"saved":true}

Showing logs for build [32mmeta-jasonwc-jenkinsx-example-y-d4pcj-10[0m stage [32mfrom-build-pack[0m and container [32mstep-promote-jx-promote[0m
WARNING: prow based install so skip waiting for the merge of Pull Requests to go green as currently there is an issue with gettingstatuses from the PR, see https://github.com/jenkins-x/**/issues/2410
Promoting app yo-backend version 0.0.10 to namespace **-yo-staging
Created Pull Request: https://github.com/jasonwc-jenkinsx-example/environment-**-yo-staging/pull/13
Added label  to Pull Request https://github.com/jasonwc-jenkinsx-example/environment-**-yo-staging/pull/13
Pull Request https://github.com/jasonwc-jenkinsx-example/environment-**-yo-staging/pull/13 is merged at sha 920480f5a1a7d3fb2a3bc07eff44385afc33cfb4
Pull Request merged but we are not waiting for the update pipeline to complete!
